2023-11-01 08:01:51,934 [INFO] Activator:176 - 


2023-11-01 08:01:51,934 [INFO] Activator:177 - !SESSION log4j initialized
2023-11-01 08:01:55,823 [INFO] LogOutputStream:77 - [STDOUT_REDIRECT] 
2023-11-01 08:01:57,786 [INFO] ApplicationProperties:184 - Using Application install path: C:\ST\STM32CubeIDE_1.13.1\STM32CubeIDE\plugins\com.st.stm32cube.common.mx_6.9.1.202307191849
2023-11-01 08:01:57,808 [INFO] DbMcusXml:78 - Set database path to: C:\ST\STM32CubeIDE_1.13.1\STM32CubeIDE\plugins\com.st.stm32cube.common.mx_6.9.1.202307191849\\db\/mcu/
2023-11-01 08:01:57,808 [INFO] ApiDb:274 - Set plugin database path to: C:\ST\STM32CubeIDE_1.13.1\STM32CubeIDE\plugins\com.st.stm32cube.common.mx_6.9.1.202307191849\\db\/plugins/boardmanager/
2023-11-01 08:01:57,809 [WARN] ApiDb:259 - Overriding images path with different value:  => C:\ST\STM32CubeIDE_1.13.1\STM32CubeIDE\plugins\com.st.stm32cube.common.mx_6.9.1.202307191849\\db\/plugins/mcufinder/images/
2023-11-01 08:01:57,822 [INFO] ApiDb:250 - Set database path to: C:\Users\ricar\.stmcufinder\plugins\mcufinder//mcu/
2023-11-01 08:01:57,823 [INFO] DbMcusAds:125 - Set database path to: C:\Users\ricar\.stmcufinder\plugins\mcufinder//mcu/
2023-11-01 08:01:57,826 [INFO] CrossReferenceDbSqlite:203 - Set database path to: C:\Users\ricar\.stmcufinder\plugins\mcufinder//mcu/cs/
2023-11-01 08:01:57,946 [INFO] RulesReader:64 - Compatibility file has been processed (293 Rules)
2023-11-01 08:01:58,027 [INFO] DbMcusXml:78 - Set database path to: C:\ST\STM32CubeIDE_1.13.1\STM32CubeIDE\plugins\com.st.stm32cube.common.mx_6.9.1.202307191849\\db\/mcu/
2023-11-01 08:01:58,027 [INFO] ApiDb:274 - Set plugin database path to: C:\ST\STM32CubeIDE_1.13.1\STM32CubeIDE\plugins\com.st.stm32cube.common.mx_6.9.1.202307191849\\db\/plugins/boardmanager/
2023-11-01 08:01:58,027 [INFO] ApiDb:261 - Set plugin images path to: C:\ST\STM32CubeIDE_1.13.1\STM32CubeIDE\plugins\com.st.stm32cube.common.mx_6.9.1.202307191849\\db\/plugins/mcufinder/images/
2023-11-01 08:01:58,028 [WARN] DbFile:41 - Overriding database path with different value: C:\Users\ricar\.stmcufinder\plugins\mcufinder/ => C:\Users\ricar\.stmcufinder\plugins\mcufinder
2023-11-01 08:01:58,028 [INFO] ApiDb:250 - Set database path to: C:\Users\ricar\.stmcufinder\plugins\mcufinder//mcu/
2023-11-01 08:01:58,028 [WARN] DbFile:41 - Overriding database path with different value: C:\Users\ricar\.stmcufinder\plugins\mcufinder/ => C:\Users\ricar\.stmcufinder\plugins\mcufinder
2023-11-01 08:01:58,028 [INFO] DbMcusAds:125 - Set database path to: C:\Users\ricar\.stmcufinder\plugins\mcufinder//mcu/
2023-11-01 08:01:58,028 [WARN] DbFile:41 - Overriding database path with different value: C:\Users\ricar\.stmcufinder\plugins\mcufinder/ => C:\Users\ricar\.stmcufinder\plugins\mcufinder
2023-11-01 08:01:58,028 [WARN] DbFile:41 - Overriding database path with different value: C:\Users\ricar\.stmcufinder\plugins\mcufinder/ => C:\Users\ricar\.stmcufinder\plugins\mcufinder
2023-11-01 08:01:58,028 [INFO] CrossReferenceDbSqlite:203 - Set database path to: C:\Users\ricar\.stmcufinder\plugins\mcufinder//mcu/cs/
2023-11-01 08:01:58,115 [INFO] MainPanel:262 - HeapMemory: 268435456
2023-11-01 08:01:58,223 [INFO] DbMcusXml:78 - Set database path to: C:\ST\STM32CubeIDE_1.13.1\STM32CubeIDE\plugins\com.st.stm32cube.common.mx_6.9.1.202307191849\\db\/mcu/
2023-11-01 08:01:58,223 [INFO] ApiDb:274 - Set plugin database path to: C:\ST\STM32CubeIDE_1.13.1\STM32CubeIDE\plugins\com.st.stm32cube.common.mx_6.9.1.202307191849\\db\/plugins/boardmanager/
2023-11-01 08:01:58,223 [INFO] ApiDb:261 - Set plugin images path to: C:\ST\STM32CubeIDE_1.13.1\STM32CubeIDE\plugins\com.st.stm32cube.common.mx_6.9.1.202307191849\\db\/plugins/mcufinder/images/
2023-11-01 08:01:58,226 [WARN] DbFile:41 - Overriding database path with different value: C:\Users\ricar\.stmcufinder\plugins\mcufinder/ => C:\Users\ricar\.stmcufinder\plugins\mcufinder
2023-11-01 08:01:58,226 [INFO] ApiDb:250 - Set database path to: C:\Users\ricar\.stmcufinder\plugins\mcufinder//mcu/
2023-11-01 08:01:58,226 [WARN] DbFile:41 - Overriding database path with different value: C:\Users\ricar\.stmcufinder\plugins\mcufinder/ => C:\Users\ricar\.stmcufinder\plugins\mcufinder
2023-11-01 08:01:58,226 [INFO] DbMcusAds:125 - Set database path to: C:\Users\ricar\.stmcufinder\plugins\mcufinder//mcu/
2023-11-01 08:01:58,226 [WARN] DbFile:41 - Overriding database path with different value: C:\Users\ricar\.stmcufinder\plugins\mcufinder/ => C:\Users\ricar\.stmcufinder\plugins\mcufinder
2023-11-01 08:01:58,226 [WARN] DbFile:41 - Overriding database path with different value: C:\Users\ricar\.stmcufinder\plugins\mcufinder/ => C:\Users\ricar\.stmcufinder\plugins\mcufinder
2023-11-01 08:01:58,226 [INFO] CrossReferenceDbSqlite:203 - Set database path to: C:\Users\ricar\.stmcufinder\plugins\mcufinder//mcu/cs/
2023-11-01 08:01:58,246 [INFO] ApplicationProperties:184 - Using Application install path: C:\ST\STM32CubeIDE_1.13.1\STM32CubeIDE\plugins\com.st.stm32cube.common.mx_6.9.1.202307191849
2023-11-01 08:01:58,248 [INFO] PluginManage:196 - Search for loadable plugins [exclusion list=, ]
2023-11-01 08:01:58,250 [INFO] PluginManage:310 - Check plugin analytics
2023-11-01 08:01:58,403 [INFO] AnalyticsPlugin:253 - Accepted Software Licenses: 
2023-11-01 08:01:58,404 [INFO] AnalyticsPlugin:255 - Accepted CMSIS Pack Licenses: 
2023-11-01 08:01:58,404 [INFO] AnalyticsPlugin:257 - Accepted Firmware Licenses: FW.F4.1.27.0
2023-11-01 08:01:58,406 [INFO] PluginManage:359 - Loaded plugin analytics (category:tool,tabindex:-1)
2023-11-01 08:01:58,407 [INFO] PluginManage:310 - Check plugin cadmodel
2023-11-01 08:01:58,420 [INFO] CADModel:105 - Init CAD model plugin
2023-11-01 08:01:58,420 [INFO] PluginManage:359 - Loaded plugin cadmodel (category:power,tabindex:5)
2023-11-01 08:01:58,420 [INFO] PluginManage:310 - Check plugin clock
2023-11-01 08:01:58,439 [INFO] PluginManage:359 - Loaded plugin clock (category:base,tabindex:2)
2023-11-01 08:01:58,439 [INFO] PluginManage:310 - Check plugin ddr
2023-11-01 08:01:58,444 [INFO] PluginManage:359 - Loaded plugin ddr (category:tool,tabindex:6)
2023-11-01 08:01:58,444 [INFO] PluginManage:310 - Check plugin filemanager
2023-11-01 08:01:58,575 [INFO] PluginManage:359 - Loaded plugin filemanager (category:base,tabindex:10)
2023-11-01 08:01:58,575 [INFO] PluginManage:310 - Check plugin ipmanager
2023-11-01 08:01:58,582 [INFO] PluginManage:359 - Loaded plugin ipmanager (category:base,tabindex:5)
2023-11-01 08:01:58,582 [INFO] PluginManage:310 - Check plugin lpbam
2023-11-01 08:01:58,596 [INFO] PluginManage:359 - Loaded plugin lpbam (category:base,tabindex:0)
2023-11-01 08:01:58,596 [INFO] PluginManage:310 - Check plugin memorymap
2023-11-01 08:01:58,618 [INFO] PluginManage:359 - Loaded plugin memorymap (category:base,tabindex:4)
2023-11-01 08:01:58,618 [INFO] PluginManage:310 - Check plugin pinoutandconfiguration
2023-11-01 08:01:58,631 [INFO] PluginManage:359 - Loaded plugin pinoutandconfiguration (category:base,tabindex:1)
2023-11-01 08:01:58,632 [INFO] PluginManage:310 - Check plugin pinoutconfig
2023-11-01 08:01:58,735 [WARN] SupportedApi:132 - Cannot load RTOS API schema: s4s-elt-must-match.1: The content of 'definitions' must match (annotation?, (simpleType | complexType)?, (unique | key | keyref)*)). A problem was found starting at: attribute.
2023-11-01 08:01:58,891 [INFO] PluginManage:359 - Loaded plugin pinoutconfig (category:base,tabindex:0)
2023-11-01 08:01:58,891 [INFO] PluginManage:310 - Check plugin power
2023-11-01 08:01:58,911 [INFO] PluginManage:359 - Loaded plugin power (category:power,tabindex:4)
2023-11-01 08:01:58,911 [INFO] PluginManage:310 - Check plugin projectmanager
2023-11-01 08:01:58,926 [INFO] PluginManage:359 - Loaded plugin projectmanager (category:projectmanager,tabindex:3)
2023-11-01 08:01:58,926 [INFO] PluginManage:310 - Check plugin thirdparty
2023-11-01 08:01:59,181 [INFO] PluginManage:359 - Loaded plugin thirdparty (category:base,tabindex:-1)
2023-11-01 08:01:59,181 [WARN] IntegrityCheckThread:84 - waiting for thirdparty lock release [integrity check]
2023-11-01 08:01:59,182 [INFO] PluginManage:310 - Check plugin tools
2023-11-01 08:01:59,182 [INFO] IntegrityCheckThread:86 - entering critical section [integrity check]
2023-11-01 08:01:59,182 [INFO] ThirdPartyUpdaterWithRetryManager:70 - Updater plugin not ready yet. [1/15]
2023-11-01 08:01:59,206 [INFO] PluginManage:359 - Loaded plugin tools (category:base,tabindex:7)
2023-11-01 08:01:59,206 [INFO] PluginManage:310 - Check plugin tutovideos
2023-11-01 08:01:59,408 [INFO] PluginManage:359 - Loaded plugin tutovideos (category:base,tabindex:-1)
2023-11-01 08:01:59,409 [INFO] PluginManage:310 - Check plugin updater
2023-11-01 08:01:59,420 [INFO] PluginManage:359 - Loaded plugin updater (category:base,tabindex:12)
2023-11-01 08:01:59,420 [INFO] PluginManage:310 - Check plugin userauth
2023-11-01 08:01:59,424 [INFO] UserAuth:113 - Init User Auth plugin
2023-11-01 08:01:59,424 [INFO] PluginManage:359 - Loaded plugin userauth (category:base,tabindex:14)
2023-11-01 08:01:59,425 [INFO] PluginManage:283 - PluginManage : Loaded plugins [17]
2023-11-01 08:01:59,659 [INFO] PinOutPanel:1499 - setPackage(No Configuration,No Configuration)
2023-11-01 08:01:59,782 [INFO] CADModel:165 - CPN selected for project level
2023-11-01 08:01:59,782 [INFO] CADModel:114 - Register for checkConnection events
2023-11-01 08:01:59,807 [INFO] IPUIPlugin:80 - create IPUIPlugin
2023-11-01 08:01:59,808 [INFO] PluginManager:220 - loadIPPluginJar : add adc
2023-11-01 08:01:59,833 [INFO] IPUIPlugin:80 - create IPUIPlugin
2023-11-01 08:01:59,834 [INFO] PluginManager:220 - loadIPPluginJar : add aes
2023-11-01 08:01:59,865 [INFO] IPUIPlugin:80 - create IPUIPlugin
2023-11-01 08:01:59,865 [INFO] PluginManager:220 - loadIPPluginJar : add can
2023-11-01 08:01:59,880 [INFO] IPUIPlugin:80 - create IPUIPlugin
2023-11-01 08:01:59,880 [INFO] PluginManager:220 - loadIPPluginJar : add comp
2023-11-01 08:01:59,904 [INFO] IPUIPlugin:80 - create IPUIPlugin
2023-11-01 08:01:59,904 [INFO] PluginManager:220 - loadIPPluginJar : add cryp
2023-11-01 08:01:59,927 [INFO] IPUIPlugin:80 - create IPUIPlugin
2023-11-01 08:01:59,927 [INFO] PluginManager:220 - loadIPPluginJar : add dfsdm
2023-11-01 08:01:59,941 [INFO] IPUIPlugin:80 - create IPUIPlugin
2023-11-01 08:01:59,942 [INFO] PluginManager:220 - loadIPPluginJar : add dma
2023-11-01 08:01:59,976 [INFO] IPUIPlugin:80 - create IPUIPlugin
2023-11-01 08:01:59,976 [INFO] PluginManager:220 - loadIPPluginJar : add dma3
2023-11-01 08:01:59,991 [INFO] IPUIPlugin:80 - create IPUIPlugin
2023-11-01 08:01:59,991 [INFO] PluginManager:220 - loadIPPluginJar : add fatfs
2023-11-01 08:02:00,027 [INFO] IPUIPlugin:80 - create IPUIPlugin
2023-11-01 08:02:00,028 [INFO] PluginManager:220 - loadIPPluginJar : add fmc
2023-11-01 08:02:00,041 [INFO] IPUIPlugin:80 - create IPUIPlugin
2023-11-01 08:02:00,041 [INFO] PluginManager:220 - loadIPPluginJar : add freertos
2023-11-01 08:02:00,057 [INFO] IPUIPlugin:80 - create IPUIPlugin
2023-11-01 08:02:00,057 [INFO] PluginManager:220 - loadIPPluginJar : add genericplugin
2023-11-01 08:02:00,118 [INFO] IPUIPlugin:80 - create IPUIPlugin
2023-11-01 08:02:00,118 [INFO] PluginManager:220 - loadIPPluginJar : add gfxmmu
2023-11-01 08:02:00,210 [INFO] IPUIPlugin:80 - create IPUIPlugin
2023-11-01 08:02:00,210 [INFO] PluginManager:220 - loadIPPluginJar : add gic
2023-11-01 08:02:00,222 [INFO] IPUIPlugin:80 - create IPUIPlugin
2023-11-01 08:02:00,222 [INFO] PluginManager:220 - loadIPPluginJar : add gpio
2023-11-01 08:02:00,285 [INFO] IPUIPlugin:80 - create IPUIPlugin
2023-11-01 08:02:00,285 [INFO] PluginManager:220 - loadIPPluginJar : add gtzc
2023-11-01 08:02:00,309 [INFO] IPUIPlugin:80 - create IPUIPlugin
2023-11-01 08:02:00,309 [INFO] PluginManager:220 - loadIPPluginJar : add hash
2023-11-01 08:02:00,347 [INFO] IPUIPlugin:80 - create IPUIPlugin
2023-11-01 08:02:00,347 [INFO] PluginManager:220 - loadIPPluginJar : add i2c
2023-11-01 08:02:00,377 [INFO] IPUIPlugin:80 - create IPUIPlugin
2023-11-01 08:02:00,377 [INFO] PluginManager:220 - loadIPPluginJar : add i2s
2023-11-01 08:02:00,406 [INFO] IPUIPlugin:80 - create IPUIPlugin
2023-11-01 08:02:00,406 [INFO] PluginManager:220 - loadIPPluginJar : add i3c
2023-11-01 08:02:00,481 [INFO] IPUIPlugin:80 - create IPUIPlugin
2023-11-01 08:02:00,482 [INFO] PluginManager:220 - loadIPPluginJar : add ipddr
2023-11-01 08:02:00,543 [INFO] IPUIPlugin:80 - create IPUIPlugin
2023-11-01 08:02:00,543 [INFO] PluginManager:220 - loadIPPluginJar : add linkedlist
2023-11-01 08:02:00,567 [INFO] IPUIPlugin:80 - create IPUIPlugin
2023-11-01 08:02:00,567 [INFO] PluginManager:220 - loadIPPluginJar : add lorawan
2023-11-01 08:02:00,594 [INFO] IPUIPlugin:80 - create IPUIPlugin
2023-11-01 08:02:00,594 [INFO] PluginManager:220 - loadIPPluginJar : add ltdc
2023-11-01 08:02:00,606 [INFO] IPUIPlugin:80 - create IPUIPlugin
2023-11-01 08:02:00,606 [INFO] PluginManager:220 - loadIPPluginJar : add mdma
2023-11-01 08:02:00,616 [INFO] IPUIPlugin:80 - create IPUIPlugin
2023-11-01 08:02:00,616 [INFO] PluginManager:220 - loadIPPluginJar : add nvic
2023-11-01 08:02:00,639 [INFO] IPUIPlugin:80 - create IPUIPlugin
2023-11-01 08:02:00,639 [INFO] PluginManager:220 - loadIPPluginJar : add opamp
2023-11-01 08:02:00,675 [INFO] IPUIPlugin:80 - create IPUIPlugin
2023-11-01 08:02:00,675 [INFO] PluginManager:220 - loadIPPluginJar : add openamp
2023-11-01 08:02:00,702 [INFO] IPUIPlugin:80 - create IPUIPlugin
2023-11-01 08:02:00,702 [INFO] PluginManager:220 - loadIPPluginJar : add pdm2pcm
2023-11-01 08:02:00,713 [INFO] IPUIPlugin:80 - create IPUIPlugin
2023-11-01 08:02:00,715 [INFO] PluginManager:220 - loadIPPluginJar : add plateformsettings
2023-11-01 08:02:00,730 [INFO] IPUIPlugin:80 - create IPUIPlugin
2023-11-01 08:02:00,730 [INFO] PluginManager:220 - loadIPPluginJar : add quadspi
2023-11-01 08:02:00,739 [INFO] IPUIPlugin:80 - create IPUIPlugin
2023-11-01 08:02:00,739 [INFO] PluginManager:220 - loadIPPluginJar : add resmgrutility
2023-11-01 08:02:00,772 [INFO] IPUIPlugin:80 - create IPUIPlugin
2023-11-01 08:02:00,772 [INFO] PluginManager:220 - loadIPPluginJar : add sai
2023-11-01 08:02:00,794 [INFO] IPUIPlugin:80 - create IPUIPlugin
2023-11-01 08:02:00,795 [INFO] PluginManager:220 - loadIPPluginJar : add spi
2023-11-01 08:02:00,835 [INFO] IPUIPlugin:80 - create IPUIPlugin
2023-11-01 08:02:00,835 [INFO] PluginManager:220 - loadIPPluginJar : add stm32_wpan
2023-11-01 08:02:00,851 [INFO] IPUIPlugin:80 - create IPUIPlugin
2023-11-01 08:02:00,851 [INFO] PluginManager:220 - loadIPPluginJar : add tim
2023-11-01 08:02:00,887 [INFO] IPUIPlugin:80 - create IPUIPlugin
2023-11-01 08:02:00,888 [INFO] PluginManager:220 - loadIPPluginJar : add touchsensing
2023-11-01 08:02:00,904 [INFO] IPUIPlugin:80 - create IPUIPlugin
2023-11-01 08:02:00,904 [INFO] PluginManager:220 - loadIPPluginJar : add tracer_emb
2023-11-01 08:02:00,920 [INFO] IPUIPlugin:80 - create IPUIPlugin
2023-11-01 08:02:00,920 [INFO] PluginManager:220 - loadIPPluginJar : add ts
2023-11-01 08:02:00,936 [INFO] IPUIPlugin:80 - create IPUIPlugin
2023-11-01 08:02:00,936 [INFO] PluginManager:220 - loadIPPluginJar : add tsc
2023-11-01 08:02:00,951 [INFO] IPUIPlugin:80 - create IPUIPlugin
2023-11-01 08:02:00,951 [INFO] PluginManager:220 - loadIPPluginJar : add ucpd
2023-11-01 08:02:00,980 [INFO] IPUIPlugin:80 - create IPUIPlugin
2023-11-01 08:02:00,980 [INFO] PluginManager:220 - loadIPPluginJar : add usart
2023-11-01 08:02:01,010 [INFO] IPUIPlugin:80 - create IPUIPlugin
2023-11-01 08:02:01,010 [INFO] PluginManager:220 - loadIPPluginJar : add usbx
2023-11-01 08:02:01,122 [INFO] CADModel:165 - CPN selected for project level
2023-11-01 08:02:01,123 [INFO] CADModel:114 - Register for checkConnection events
2023-11-01 08:02:01,123 [FATAL] Updater:308 - Updater called before beeing initialized
2023-11-01 08:02:01,123 [ERROR] CADModel:125 - Updater not yet initialized, retry later 
2023-11-01 08:02:01,259 [INFO] CADModel:165 - CPN selected for project level
2023-11-01 08:02:01,259 [INFO] CADModel:114 - Register for checkConnection events
2023-11-01 08:02:01,259 [FATAL] Updater:308 - Updater called before beeing initialized
2023-11-01 08:02:01,260 [ERROR] CADModel:125 - Updater not yet initialized, retry later 
2023-11-01 08:02:01,263 [FATAL] Updater:308 - Updater called before beeing initialized
2023-11-01 08:02:01,348 [FATAL] Updater:308 - Updater called before beeing initialized
2023-11-01 08:02:01,357 [INFO] DbMcusAds:53 - JSON generation date=Tue Mar 07 03:50:55 PET 2023 (1678179055114)
2023-11-01 08:02:01,358 [FATAL] Updater:308 - Updater called before beeing initialized
2023-11-01 08:02:01,428 [WARN] DetailPanel:346 - Failed to get advertising image, set to default
2023-11-01 08:02:01,499 [FATAL] Updater:308 - Updater called before beeing initialized
2023-11-01 08:02:01,501 [FATAL] Updater:308 - Updater called before beeing initialized
2023-11-01 08:02:01,501 [FATAL] Updater:308 - Updater called before beeing initialized
2023-11-01 08:02:01,501 [WARN] DetailPanel:346 - Failed to get advertising image, set to default
2023-11-01 08:02:01,502 [FATAL] Updater:308 - Updater called before beeing initialized
2023-11-01 08:02:01,550 [ERROR] Updater:1120 - MainUpdater not yet initialized. External WinMGr cannot be set.
2023-11-01 08:02:01,558 [INFO] Updater:1056 - Updater Version found : 6.9.1
2023-11-01 08:02:01,574 [INFO] ApplicationProperties:184 - Using Application install path: C:\ST\STM32CubeIDE_1.13.1\STM32CubeIDE\plugins\com.st.stm32cube.common.mx_6.9.1.202307191849
2023-11-01 08:02:01,919 [INFO] MainUpdater:2868 - connection check result : 10
2023-11-01 08:02:01,919 [INFO] MainUpdater:3562 - Updater definition file requires update
2023-11-01 08:02:01,920 [INFO] MainUpdater:285 - Updater Check For Update Now.
2023-11-01 08:02:01,921 [INFO] MicroXplorer:498 - Change Database Version : DB.6.0.91
2023-11-01 08:02:01,938 [INFO] McuFinderGlobals:63 - Set McuFinder mode to 2 (CubeIDE integrated)
2023-11-01 08:02:01,940 [INFO] UserAuth:179 - activating auth plugin
2023-11-01 08:02:01,942 [INFO] UserAuth:393 - Internet connection configuration mode: 1
2023-11-01 08:02:01,963 [INFO] JxBrowserEngine:151 - Initiate JxBrowser Engine with user profile folder
2023-11-01 08:02:02,184 [WARN] MainUpdater:1189 - Updater busy. Cannot search thirdparties
2023-11-01 08:02:02,184 [INFO] ThirdPartyUpdaterWithRetryManager:96 - Updater plugin is busy. [1/15]
2023-11-01 08:02:03,258 [INFO] ServerAccessManage:473 - Download File updaters.zip
2023-11-01 08:02:03,299 [INFO] McuFinderGlobals:63 - Set McuFinder mode to 2 (CubeIDE integrated)
2023-11-01 08:02:03,299 [INFO] UserAuth:179 - activating auth plugin
2023-11-01 08:02:03,301 [INFO] UserAuth:393 - Internet connection configuration mode: 1
2023-11-01 08:02:03,327 [INFO] FileExtend:240 - Unzip File : updaters.zip
2023-11-01 08:02:03,328 [INFO] FileExtend:255 - Standard Zip Deflate
2023-11-01 08:02:04,257 [INFO] WebApp:157 - Instantiating new browser for Auth
2023-11-01 08:02:04,462 [INFO] ServerAccessManage:473 - Download File PacksControlFlags.xml
2023-11-01 08:02:04,797 [INFO] WebApp:753 - Register for checkConnection events
2023-11-01 08:02:04,797 [INFO] WebApp:390 - Apply proxy settings
2023-11-01 08:02:04,798 [INFO] WebApp:475 - Chromium requires no authentication
2023-11-01 08:02:04,806 [INFO] WebApp:418 - Direct internet connection detected
2023-11-01 08:02:04,960 [INFO] WebApp:188 - Starting web application
2023-11-01 08:02:04,961 [INFO] WebApp:520 - Web application path used C:\ST\STM32CubeIDE_1.13.1\STM32CubeIDE\plugins\com.st.stm32cube.common.mx_6.9.1.202307191849\db\plugins\mcufinder\reactClient1\index.html
2023-11-01 08:02:05,188 [WARN] MainUpdater:1189 - Updater busy. Cannot search thirdparties
2023-11-01 08:02:05,188 [INFO] ThirdPartyUpdaterWithRetryManager:96 - Updater plugin is busy. [2/15]
2023-11-01 08:02:05,383 [INFO] ServerAccessManage:473 - Download File cubemx.pidx
2023-11-01 08:02:06,511 [INFO] ServerAccessManage:473 - Download File STMicroelectronics.X-CUBE-BLEMGR.pdsc
2023-11-01 08:02:08,190 [WARN] MainUpdater:1189 - Updater busy. Cannot search thirdparties
2023-11-01 08:02:08,190 [INFO] ThirdPartyUpdaterWithRetryManager:96 - Updater plugin is busy. [3/15]
2023-11-01 08:02:11,192 [WARN] MainUpdater:1189 - Updater busy. Cannot search thirdparties
2023-11-01 08:02:11,192 [INFO] ThirdPartyUpdaterWithRetryManager:96 - Updater plugin is busy. [4/15]
2023-11-01 08:02:11,424 [INFO] ServerAccessManage:473 - Download File STMicroelectronics.X-CUBE-EEPRMA1.pdsc
2023-11-01 08:02:13,676 [ERROR] ServerAccessManage:1089 - Problem, file not found on Server
2023-11-01 08:02:14,193 [WARN] MainUpdater:1189 - Updater busy. Cannot search thirdparties
2023-11-01 08:02:14,193 [INFO] ThirdPartyUpdaterWithRetryManager:96 - Updater plugin is busy. [5/15]
2023-11-01 08:02:16,650 [INFO] ServerAccessManage:473 - Download File STMicroelectronics.X-CUBE-MEMS1.pdsc
2023-11-01 08:02:17,195 [WARN] MainUpdater:1189 - Updater busy. Cannot search thirdparties
2023-11-01 08:02:17,195 [INFO] ThirdPartyUpdaterWithRetryManager:96 - Updater plugin is busy. [6/15]
2023-11-01 08:02:20,198 [WARN] MainUpdater:1189 - Updater busy. Cannot search thirdparties
2023-11-01 08:02:20,198 [INFO] ThirdPartyUpdaterWithRetryManager:96 - Updater plugin is busy. [7/15]
2023-11-01 08:02:23,200 [WARN] MainUpdater:1189 - Updater busy. Cannot search thirdparties
2023-11-01 08:02:23,200 [INFO] ThirdPartyUpdaterWithRetryManager:96 - Updater plugin is busy. [8/15]
2023-11-01 08:02:25,793 [ERROR] LogOutputStream:75 - [STDERR_REDIRECT] SLF4J: Failed to load class "org.slf4j.impl.StaticLoggerBinder".
2023-11-01 08:02:25,793 [ERROR] LogOutputStream:75 - [STDERR_REDIRECT] SLF4J: Defaulting to no-operation (NOP) logger implementation
2023-11-01 08:02:25,794 [ERROR] LogOutputStream:75 - [STDERR_REDIRECT] SLF4J: See http://www.slf4j.org/codes.html#StaticLoggerBinder for further details.
2023-11-01 08:02:26,202 [WARN] MainUpdater:1189 - Updater busy. Cannot search thirdparties
2023-11-01 08:02:26,202 [INFO] ThirdPartyUpdaterWithRetryManager:96 - Updater plugin is busy. [9/15]
2023-11-01 08:02:29,203 [WARN] MainUpdater:1189 - Updater busy. Cannot search thirdparties
2023-11-01 08:02:29,203 [INFO] ThirdPartyUpdaterWithRetryManager:96 - Updater plugin is busy. [10/15]
2023-11-01 08:02:32,205 [WARN] MainUpdater:1189 - Updater busy. Cannot search thirdparties
2023-11-01 08:02:32,205 [INFO] ThirdPartyUpdaterWithRetryManager:96 - Updater plugin is busy. [11/15]
2023-11-01 08:02:34,957 [INFO] ServerAccessManage:473 - Download File STMicroelectronics.X-CUBE-TOUCHGFX.pdsc
2023-11-01 08:02:35,206 [WARN] MainUpdater:1189 - Updater busy. Cannot search thirdparties
2023-11-01 08:02:35,206 [INFO] ThirdPartyUpdaterWithRetryManager:96 - Updater plugin is busy. [12/15]
2023-11-01 08:02:38,208 [WARN] MainUpdater:1189 - Updater busy. Cannot search thirdparties
2023-11-01 08:02:38,208 [INFO] ThirdPartyUpdaterWithRetryManager:96 - Updater plugin is busy. [13/15]
2023-11-01 08:02:41,209 [WARN] MainUpdater:1189 - Updater busy. Cannot search thirdparties
2023-11-01 08:02:41,210 [INFO] ThirdPartyUpdaterWithRetryManager:96 - Updater plugin is busy. [14/15]
2023-11-01 08:02:44,212 [WARN] MainUpdater:1189 - Updater busy. Cannot search thirdparties
2023-11-01 08:02:44,212 [INFO] ThirdPartyUpdaterWithRetryManager:96 - Updater plugin is busy. [15/15]
2023-11-01 08:02:44,212 [ERROR] IntegrityCheckThread:130 - Cannot retrieve database content from updater: error -1
2023-11-01 08:02:44,212 [INFO] ThirdParty:978 - Integrity check success = false
2023-11-01 08:02:44,213 [INFO] IntegrityCheckThread:100 - exiting critical section [integrity check]
2023-11-01 08:02:44,213 [INFO] IntegrityCheckThread:103 - End integrity checks thread
2023-11-01 08:02:48,536 [ERROR] ServerAccessManage:1096 - Problem, Http access forbiden
2023-11-01 08:02:48,536 [ERROR] ServerAccessManage:651 - Problem, Http access forbiden : RoweBots.I-CUBE-UNISONRTOS.pdsc.
2023-11-01 08:02:49,922 [INFO] ServerAccessManage:473 - Download File ITTIA_DB.I-CUBE-ITTIADB.pdsc
2023-11-01 08:02:52,719 [INFO] ServerAccessManage:473 - Download File Infineon.AIROC-Wi-Fi-Bluetooth-STM32.pdsc
2023-11-01 08:02:55,550 [WARN] PackLoader:240 - Cannot read IP mode file for STMicroelectronics.X-CUBE-BLEMGR.3.0.0
2023-11-01 08:02:55,565 [WARN] PackLoader:240 - Cannot read IP mode file for STMicroelectronics.X-CUBE-EEPRMA1.4.2.0
2023-11-01 08:02:55,617 [WARN] PackLoader:240 - Cannot read IP mode file for STMicroelectronics.X-CUBE-MEMS1.10.0.0
2023-11-01 08:02:55,664 [INFO] CheckServerUpdateThread:120 - End of CheckServer Thread
2023-11-01 08:02:55,736 [WARN] PackLoader:240 - Cannot read IP mode file for STMicroelectronics.X-CUBE-TOUCHGFX.4.22.1
2023-11-01 08:02:55,744 [WARN] PackLoader:240 - Cannot read IP mode file for ITTIA_DB.I-CUBE-ITTIADB.8.8.0
2023-11-01 08:02:55,754 [WARN] PackLoader:240 - Cannot read IP mode file for Infineon.AIROC-Wi-Fi-Bluetooth-STM32.1.5.1
2023-11-01 08:02:55,757 [INFO] PopulateThirdPartyThread:66 - Ending populate Thread
2023-11-01 08:02:55,758 [INFO] ThirdParty:1030 - CMSIS Pack Vendor :STMicroelectronics X-CUBE-MEMS1 10.0.0
2023-11-01 08:02:55,758 [INFO] ThirdParty:1030 - CMSIS Pack Vendor :STMicroelectronics X-CUBE-TOUCHGFX 4.22.1
2023-11-01 08:02:55,758 [INFO] ThirdParty:1030 - CMSIS Pack Vendor :Infineon AIROC-Wi-Fi-Bluetooth-STM32 1.5.1
2023-11-01 08:02:55,758 [INFO] ThirdParty:1030 - CMSIS Pack Vendor :STMicroelectronics X-CUBE-BLEMGR 3.0.0
2023-11-01 08:02:55,758 [INFO] ThirdParty:1030 - CMSIS Pack Vendor :STMicroelectronics X-CUBE-EEPRMA1 4.2.0
2023-11-01 08:02:55,758 [INFO] ThirdParty:1030 - CMSIS Pack Vendor :ITTIA_DB I-CUBE-ITTIADB 8.8.0
2023-11-01 08:02:55,759 [INFO] LoadServerUpdatesThread:373 - End of LoadServerUpdate Thread
2023-11-01 08:20:33,597 [INFO] Activator:176 - 


2023-11-01 08:20:33,612 [INFO] Activator:177 - !SESSION log4j initialized
2023-11-01 08:20:35,833 [INFO] LogOutputStream:77 - [STDOUT_REDIRECT] 
